Tx (8 bytes): [01][02][08][14][00][01][fb][ae]
Rx (6 bytes): [01][02][01][00][a1][88]
write(1017,1)
Tx (8 bytes): [01][06][10][17][00][01][fc][ce]
Rx (8 bytes): [01][06][10][17][00][01][fc][ce]
write(1008,10)
Tx (8 bytes): [01][06][10][08][00][0a][8c][cf]
Rx (8 bytes): [01][06][10][08][00][0a][8c][cf]
write(1005,1)
Tx (8 bytes): [01][06][10][05][00][01][5c][cb]
Rx (8 bytes): [01][06][10][05][00][01][5c][cb]
write(1001,250)
Tx (8 bytes): [01][06][10][01][00][fa][5c][89]
Rx (8 bytes): [01][06][10][01][00][fa][5c][89]
read(1000)
Tx (8 bytes): [01][03][10][00][00][01][80][ca]
Rx (7 bytes): [01][03][02][00][e1][78][0c]
  => [225]
read(1001)
Tx (8 bytes): [01][03][10][01][00][01][d1][0a]
Rx (7 bytes): [01][03][02][00][fa][38][07]
  => [250]
Tx (8 bytes): [01][02][08][14][00][01][fb][ae]
Rx (6 bytes): [01][02][01][00][a1][88]
Tx (8 bytes): [01][05][08][14][ff][00][ce][5e]
Rx (8 bytes): [01][05][08][14][ff][00][ce][5e]
read(1000)
Tx (8 bytes): [01][03][10][00][00][01][80][ca]
Rx (7 bytes): [01][03][02][00][e1][78][0c]
  => [225]
read(1000)
Tx (8 bytes): [01][03][10][00][00][01][80][ca]
Rx (7 bytes): [01][03][02][00][e1][78][0c]
  => [225]
write(1001,1550)
Tx (8 bytes): [01][06][10][01][06][0e][5e][ae]
Rx (8 bytes): [01][06][10][01][06][0e][5e][ae]
read(1000)
Tx (8 bytes): [01][03][10][00][00][01][80][ca]
Rx (7 bytes): [01][03][02][00][e1][78][0c]
  => [225]
read(1000)
Tx (8 bytes): [01][03][10][00][00][01][80][ca]
Rx (7 bytes): [01][03][02][00][e1][78][0c]
  => [225]
read(1001)
Tx (8 bytes): [01][03][10][01][00][01][d1][0a]
Rx (7 bytes): [01][03][02][06][0e][3a][20]
  => [1550]
read(1012)
Tx (8 bytes): [01][03][10][12][00][01][20][cf]
Rx (7 bytes): [01][03][02][03][e8][b8][fa]
  => [1000]
read(1013)
Tx (8 bytes): [01][03][10][13][00][01][71][0f]
Rx (7 bytes): [01][03][02][00][00][b8][44]
  => [0]
read(1000)
Tx (8 bytes): [01][03][10][00][00][01][80][ca]
Rx (7 bytes): [01][03][02][00][e1][78][0c]
  => [225]
read(1000)
Tx (8 bytes): [01][03][10][00][00][01][80][ca]
Rx (7 bytes): [01][03][02][00][e1][78][0c]
  => [225]
read(1001)
Tx (8 bytes): [01][03][10][01][00][01][d1][0a]
Rx (7 bytes): [01][03][02][06][0e][3a][20]
  => [1550]
read(1012)
Tx (8 bytes): [01][03][10][12][00][01][20][cf]
Rx (7 bytes): [01][03][02][03][e8][b8][fa]
  => [1000]
read(1013)
Tx (8 bytes): [01][03][10][13][00][01][71][0f]
Rx (7 bytes): [01][03][02][00][00][b8][44]
  => [0]
read(1000)
Tx (8 bytes): [01][03][10][00][00][01][80][ca]
Rx (7 bytes): [01][03][02][00][e2][38][0d]
  => [226]
read(1000)
Tx (8 bytes): [01][03][10][00][00][01][80][ca]
Rx (7 bytes): [01][03][02][00][e2][38][0d]
  => [226]
read(1001)
Tx (8 bytes): [01][03][10][01][00][01][d1][0a]
Rx (7 bytes): [01][03][02][06][0e][3a][20]
  => [1550]
read(1012)
Tx (8 bytes): [01][03][10][12][00][01][20][cf]
Rx (7 bytes): [01][03][02][03][e8][b8][fa]
  => [1000]
read(1013)
Tx (8 bytes): [01][03][10][13][00][01][71][0f]
Rx (7 bytes): [01][03][02][00][00][b8][44]
  => [0]
read(1000)
Tx (8 bytes): [01][03][10][00][00][01][80][ca]
Rx (7 bytes): [01][03][02][00][e2][38][0d]
  => [226]
read(1000)
Tx (8 bytes): [01][03][10][00][00][01][80][ca]
Rx (7 bytes): [01][03][02][00][e2][38][0d]
  => [226]
read(1001)
Tx (8 bytes): [01][03][10][01][00][01][d1][0a]
Rx (7 bytes): [01][03][02][06][0e][3a][20]
  => [1550]
read(1012)
Tx (8 bytes): [01][03][10][12][00][01][20][cf]
Rx (7 bytes): [01][03][02][03][e8][b8][fa]
  => [1000]
read(1013)
Tx (8 bytes): [01][03][10][13][00][01][71][0f]
Rx (7 bytes): [01][03][02][00][00][b8][44]
  => [0]
read(1000)
Tx (8 bytes): [01][03][10][00][00][01][80][ca]
Rx (7 bytes): [01][03][02][00][e3][f9][cd]
  => [227]
read(1000)
Tx (8 bytes): [01][03][10][00][00][01][80][ca]
Rx (7 bytes): [01][03][02][00][e3][f9][cd]
  => [227]
read(1001)
Tx (8 bytes): [01][03][10][01][00][01][d1][0a]
Rx (7 bytes): [01][03][02][06][0e][3a][20]
  => [1550]
read(1012)
Tx (8 bytes): [01][03][10][12][00][01][20][cf]
Rx (7 bytes): [01][03][02][03][e8][b8][fa]
  => [1000]
read(1013)
Tx (8 bytes): [01][03][10][13][00][01][71][0f]
Rx (7 bytes): [01][03][02][00][00][b8][44]
  => [0]
read(1000)
Tx (8 bytes): [01][03][10][00][00][01][80][ca]
Rx (7 bytes): [01][03][02][00][e5][79][cf]
  => [229]
read(1000)
Tx (8 bytes): [01][03][10][00][00][01][80][ca]
Rx (7 bytes): [01][03][02][00][e5][79][cf]
  => [229]
read(1001)
Tx (8 bytes): [01][03][10][01][00][01][d1][0a]
Rx (7 bytes): [01][03][02][06][0e][3a][20]
  => [1550]
read(1012)
Tx (8 bytes): [01][03][10][12][00][01][20][cf]
Rx (7 bytes): [01][03][02][03][e8][b8][fa]
  => [1000]
read(1013)
Tx (8 bytes): [01][03][10][13][00][01][71][0f]
Rx (7 bytes): [01][03][02][00][00][b8][44]
  => [0]
read(1000)
Tx (8 bytes): [01][03][10][00][00][01][80][ca]
Rx (7 bytes): [01][03][02][00][e6][39][ce]
  => [230]
read(1000)
Tx (8 bytes): [01][03][10][00][00][01][80][ca]
Rx (7 bytes): [01][03][02][00][e6][39][ce]
  => [230]
read(1001)
Tx (8 bytes): [01][03][10][01][00][01][d1][0a]
Rx (7 bytes): [01][03][02][06][0e][3a][20]
  => [1550]
read(1012)
Tx (8 bytes): [01][03][10][12][00][01][20][cf]
Rx (7 bytes): [01][03][02][03][e8][b8][fa]
  => [1000]
read(1013)
Tx (8 bytes): [01][03][10][13][00][01][71][0f]
Rx (7 bytes): [01][03][02][00][00][b8][44]
  => [0]
read(1000)
Tx (8 bytes): [01][03][10][00][00][01][80][ca]
Rx (7 bytes): [01][03][02][00][e8][b8][0a]
  => [232]
read(1000)
Tx (8 bytes): [01][03][10][00][00][01][80][ca]
Rx (7 bytes): [01][03][02][00][e8][b8][0a]
  => [232]
read(1001)
Tx (8 bytes): [01][03][10][01][00][01][d1][0a]
Rx (7 bytes): [01][03][02][06][0e][3a][20]
  => [1550]
read(1012)
Tx (8 bytes): [01][03][10][12][00][01][20][cf]
Rx (7 bytes): [01][03][02][03][e8][b8][fa]
  => [1000]
read(1013)
Tx (8 bytes): [01][03][10][13][00][01][71][0f]
Rx (7 bytes): [01][03][02][00][00][b8][44]
  => [0]
read(1000)
Tx (8 bytes): [01][03][10][00][00][01][80][ca]
Rx (7 bytes): [01][03][02][00][eb][f8][0b]
  => [235]
read(1000)
Tx (8 bytes): [01][03][10][00][00][01][80][ca]
Rx (7 bytes): [01][03][02][00][eb][f8][0b]
  => [235]
read(1001)
Tx (8 bytes): [01][03][10][01][00][01][d1][0a]
Rx (7 bytes): [01][03][02][06][0e][3a][20]
  => [1550]
read(1012)
Tx (8 bytes): [01][03][10][12][00][01][20][cf]
Rx (7 bytes): [01][03][02][03][e8][b8][fa]
  => [1000]
read(1013)
Tx (8 bytes): [01][03][10][13][00][01][71][0f]
Rx (7 bytes): [01][03][02][00][00][b8][44]
  => [0]
read(1000)
Tx (8 bytes): [01][03][10][00][00][01][80][ca]
Rx (7 bytes): [01][03][02][00][ee][38][08]
  => [238]
read(1000)
Tx (8 bytes): [01][03][10][00][00][01][80][ca]
Rx (7 bytes): [01][03][02][00][ee][38][08]
  => [238]
read(1001)
Tx (8 bytes): [01][03][10][01][00][01][d1][0a]
Rx (7 bytes): [01][03][02][06][0e][3a][20]
  => [1550]
read(1012)
Tx (8 bytes): [01][03][10][12][00][01][20][cf]
Rx (7 bytes): [01][03][02][03][e8][b8][fa]
  => [1000]
read(1013)
Tx (8 bytes): [01][03][10][13][00][01][71][0f]
Rx (7 bytes): [01][03][02][00][00][b8][44]
  => [0]
read(1000)
Tx (8 bytes): [01][03][10][00][00][01][80][ca]
Rx (7 bytes): [01][03][02][00][f0][b8][00]
  => [240]
read(1000)
Tx (8 bytes): [01][03][10][00][00][01][80][ca]
Rx (7 bytes): [01][03][02][00][f0][b8][00]
  => [240]
read(1001)
Tx (8 bytes): [01][03][10][01][00][01][d1][0a]
Rx (7 bytes): [01][03][02][06][0e][3a][20]
  => [1550]
read(1012)
Tx (8 bytes): [01][03][10][12][00][01][20][cf]
Rx (7 bytes): [01][03][02][03][e8][b8][fa]
  => [1000]
read(1013)
Tx (8 bytes): [01][03][10][13][00][01][71][0f]
Rx (7 bytes): [01][03][02][00][00][b8][44]
  => [0]
read(1000)
Tx (8 bytes): [01][03][10][00][00][01][80][ca]
Rx (7 bytes): [01][03][02][00][f4][b9][c3]
  => [244]
read(1000)
Tx (8 bytes): [01][03][10][00][00][01][80][ca]
Rx (7 bytes): [01][03][02][00][f4][b9][c3]
  => [244]
read(1001)
Tx (8 bytes): [01][03][10][01][00][01][d1][0a]
Rx (7 bytes): [01][03][02][06][0e][3a][20]
  => [1550]
read(1012)
Tx (8 bytes): [01][03][10][12][00][01][20][cf]
Rx (7 bytes): [01][03][02][03][e8][b8][fa]
  => [1000]
read(1013)
Tx (8 bytes): [01][03][10][13][00][01][71][0f]
Rx (7 bytes): [01][03][02][00][00][b8][44]
  => [0]
read(1000)
Tx (8 bytes): [01][03][10][00][00][01][80][ca]
Rx (7 bytes): [01][03][02][00][f6][38][02]
  => [246]
read(1000)
Tx (8 bytes): [01][03][10][00][00][01][80][ca]
Rx (7 bytes): [01][03][02][00][f6][38][02]
  => [246]
read(1001)
Tx (8 bytes): [01][03][10][01][00][01][d1][0a]
Rx (7 bytes): [01][03][02][06][0e][3a][20]
  => [1550]
read(1012)
Tx (8 bytes): [01][03][10][12][00][01][20][cf]
Rx (7 bytes): [01][03][02][03][e8][b8][fa]
  => [1000]
read(1013)
Tx (8 bytes): [01][03][10][13][00][01][71][0f]
Rx (7 bytes): [01][03][02][00][00][b8][44]
  => [0]
read(1000)
Tx (8 bytes): [01][03][10][00][00][01][80][ca]
Rx (7 bytes): [01][03][02][00][fb][f9][c7]
  => [251]
read(1000)
Tx (8 bytes): [01][03][10][00][00][01][80][ca]
Rx (7 bytes): [01][03][02][00][fb][f9][c7]
  => [251]
read(1001)
Tx (8 bytes): [01][03][10][01][00][01][d1][0a]
Rx (7 bytes): [01][03][02][06][0e][3a][20]
  => [1550]
read(1012)
Tx (8 bytes): [01][03][10][12][00][01][20][cf]
Rx (7 bytes): [01][03][02][03][e8][b8][fa]
  => [1000]
read(1013)
Tx (8 bytes): [01][03][10][13][00][01][71][0f]
Rx (7 bytes): [01][03][02][00][00][b8][44]
  => [0]
read(1000)
Tx (8 bytes): [01][03][10][00][00][01][80][ca]
Rx (7 bytes): [01][03][02][01][00][b9][d4]
  => [256]
read(1000)
Tx (8 bytes): [01][03][10][00][00][01][80][ca]
Rx (7 bytes): [01][03][02][01][00][b9][d4]
  => [256]
read(1001)
Tx (8 bytes): [01][03][10][01][00][01][d1][0a]
Rx (7 bytes): [01][03][02][06][0e][3a][20]
  => [1550]
read(1012)
Tx (8 bytes): [01][03][10][12][00][01][20][cf]
Rx (7 bytes): [01][03][02][03][e8][b8][fa]
  => [1000]
read(1013)
Tx (8 bytes): [01][03][10][13][00][01][71][0f]
Rx (7 bytes): [01][03][02][00][00][b8][44]
  => [0]
read(1000)
Tx (8 bytes): [01][03][10][00][00][01][80][ca]
Rx (7 bytes): [01][03][02][01][04][b8][17]
  => [260]
read(1000)
Tx (8 bytes): [01][03][10][00][00][01][80][ca]
Rx (7 bytes): [01][03][02][01][04][b8][17]
  => [260]
read(1001)
Tx (8 bytes): [01][03][10][01][00][01][d1][0a]
Rx (7 bytes): [01][03][02][06][0e][3a][20]
  => [1550]
read(1012)
Tx (8 bytes): [01][03][10][12][00][01][20][cf]
Rx (7 bytes): [01][03][02][03][e8][b8][fa]
  => [1000]
read(1013)
Tx (8 bytes): [01][03][10][13][00][01][71][0f]
Rx (7 bytes): [01][03][02][00][00][b8][44]
  => [0]
read(1000)
Tx (8 bytes): [01][03][10][00][00][01][80][ca]
Rx (7 bytes): [01][03][02][01][12][39][d9]
  => [274]
read(1000)
Tx (8 bytes): [01][03][10][00][00][01][80][ca]
Rx (7 bytes): [01][03][02][01][12][39][d9]
  => [274]
read(1001)
Tx (8 bytes): [01][03][10][01][00][01][d1][0a]
Rx (7 bytes): [01][03][02][06][0e][3a][20]
  => [1550]
read(1012)
Tx (8 bytes): [01][03][10][12][00][01][20][cf]
Rx (7 bytes): [01][03][02][03][e8][b8][fa]
  => [1000]
read(1013)
Tx (8 bytes): [01][03][10][13][00][01][71][0f]
Rx (7 bytes): [01][03][02][00][00][b8][44]
  => [0]
read(1000)
Tx (8 bytes): [01][03][10][00][00][01][80][ca]
Rx (7 bytes): [01][03][02][01][18][b9][de]
  => [280]
read(1000)
Tx (8 bytes): [01][03][10][00][00][01][80][ca]
Rx (7 bytes): [01][03][02][01][18][b9][de]
  => [280]
read(1001)
Tx (8 bytes): [01][03][10][01][00][01][d1][0a]
Rx (7 bytes): [01][03][02][06][0e][3a][20]
  => [1550]
read(1012)
Tx (8 bytes): [01][03][10][12][00][01][20][cf]
Rx (7 bytes): [01][03][02][03][e8][b8][fa]
  => [1000]
read(1013)
Tx (8 bytes): [01][03][10][13][00][01][71][0f]
Rx (7 bytes): [01][03][02][00][00][b8][44]
  => [0]
read(1000)
Tx (8 bytes): [01][03][10][00][00][01][80][ca]
Rx (7 bytes): [01][03][02][01][1a][38][1f]
  => [282]
read(1000)
Tx (8 bytes): [01][03][10][00][00][01][80][ca]
Rx (7 bytes): [01][03][02][01][1a][38][1f]
  => [282]
read(1001)
Tx (8 bytes): [01][03][10][01][00][01][d1][0a]
Rx (7 bytes): [01][03][02][06][0e][3a][20]
  => [1550]
read(1012)
Tx (8 bytes): [01][03][10][12][00][01][20][cf]
Rx (7 bytes): [01][03][02][03][e8][b8][fa]
  => [1000]
read(1013)
Tx (8 bytes): [01][03][10][13][00][01][71][0f]
Rx (7 bytes): [01][03][02][00][00][b8][44]
  => [0]
read(1000)
Tx (8 bytes): [01][03][10][00][00][01][80][ca]
Rx (7 bytes): [01][03][02][01][28][b9][ca]
  => [296]
read(1000)
Tx (8 bytes): [01][03][10][00][00][01][80][ca]
Rx (7 bytes): [01][03][02][01][28][b9][ca]
  => [296]
read(1001)
Tx (8 bytes): [01][03][10][01][00][01][d1][0a]
Rx (7 bytes): [01][03][02][06][0e][3a][20]
  => [1550]
read(1012)
Tx (8 bytes): [01][03][10][12][00][01][20][cf]
Rx (7 bytes): [01][03][02][03][e8][b8][fa]
  => [1000]
read(1013)
Tx (8 bytes): [01][03][10][13][00][01][71][0f]
Rx (7 bytes): [01][03][02][00][00][b8][44]
  => [0]
read(1000)
Tx (8 bytes): [01][03][10][00][00][01][80][ca]
Rx (7 bytes): [01][03][02][01][2d][79][c9]
  => [301]
read(1000)
Tx (8 bytes): [01][03][10][00][00][01][80][ca]
Rx (7 bytes): [01][03][02][01][30][b9][c0]
  => [304]
read(1001)
Tx (8 bytes): [01][03][10][01][00][01][d1][0a]
Rx (7 bytes): [01][03][02][06][0e][3a][20]
  => [1550]
read(1012)
Tx (8 bytes): [01][03][10][12][00][01][20][cf]
Rx (7 bytes): [01][03][02][03][e8][b8][fa]
  => [1000]
read(1013)
Tx (8 bytes): [01][03][10][13][00][01][71][0f]
Rx (7 bytes): [01][03][02][00][00][b8][44]
  => [0]
read(1000)
Tx (8 bytes): [01][03][10][00][00][01][80][ca]
Rx (7 bytes): [01][03][02][01][36][39][c2]
  => [310]
read(1000)
Tx (8 bytes): [01][03][10][00][00][01][80][ca]
Rx (7 bytes): [01][03][02][01][36][39][c2]
  => [310]
read(1001)
Tx (8 bytes): [01][03][10][01][00][01][d1][0a]
Rx (7 bytes): [01][03][02][06][0e][3a][20]
  => [1550]
read(1012)
Tx (8 bytes): [01][03][10][12][00][01][20][cf]
Rx (7 bytes): [01][03][02][03][e8][b8][fa]
  => [1000]
read(1013)
Tx (8 bytes): [01][03][10][13][00][01][71][0f]
Rx (7 bytes): [01][03][02][00][00][b8][44]
  => [0]
read(1000)
Tx (8 bytes): [01][03][10][00][00][01][80][ca]
Rx (7 bytes): [01][03][02][01][38][b8][06]
  => [312]
read(1000)
Tx (8 bytes): [01][03][10][00][00][01][80][ca]
Rx (7 bytes): [01][03][02][01][38][b8][06]
  => [312]
read(1001)
Tx (8 bytes): [01][03][10][01][00][01][d1][0a]
Rx (7 bytes): [01][03][02][06][0e][3a][20]
  => [1550]
read(1012)
Tx (8 bytes): [01][03][10][12][00][01][20][cf]
Rx (7 bytes): [01][03][02][03][e8][b8][fa]
  => [1000]
read(1013)
Tx (8 bytes): [01][03][10][13][00][01][71][0f]
Rx (7 bytes): [01][03][02][00][00][b8][44]
  => [0]
read(1000)
Tx (8 bytes): [01][03][10][00][00][01][80][ca]
Rx (7 bytes): [01][03][02][01][49][78][22]
  => [329]
read(1000)
Tx (8 bytes): [01][03][10][00][00][01][80][ca]
Rx (7 bytes): [01][03][02][01][49][78][22]
  => [329]
read(1001)
Tx (8 bytes): [01][03][10][01][00][01][d1][0a]
Rx (7 bytes): [01][03][02][06][0e][3a][20]
  => [1550]
read(1012)
Tx (8 bytes): [01][03][10][12][00][01][20][cf]
Rx (7 bytes): [01][03][02][03][e8][b8][fa]
  => [1000]
read(1013)
Tx (8 bytes): [01][03][10][13][00][01][71][0f]
Rx (7 bytes): [01][03][02][00][00][b8][44]
  => [0]
read(1000)
Tx (8 bytes): [01][03][10][00][00][01][80][ca]
Rx (7 bytes): [01][03][02][01][52][38][29]
  => [338]
read(1000)
Tx (8 bytes): [01][03][10][00][00][01][80][ca]
Rx (7 bytes): [01][03][02][01][52][38][29]
  => [338]
read(1001)
Tx (8 bytes): [01][03][10][01][00][01][d1][0a]
Rx (7 bytes): [01][03][02][06][0e][3a][20]
  => [1550]
read(1012)
Tx (8 bytes): [01][03][10][12][00][01][20][cf]
Rx (7 bytes): [01][03][02][03][e8][b8][fa]
  => [1000]
read(1013)
Tx (8 bytes): [01][03][10][13][00][01][71][0f]
Rx (7 bytes): [01][03][02][00][00][b8][44]
  => [0]
read(1000)
Tx (8 bytes): [01][03][10][00][00][01][80][ca]
Rx (7 bytes): [01][03][02][01][56][39][ea]
  => [342]
read(1000)
Tx (8 bytes): [01][03][10][00][00][01][80][ca]
Rx (7 bytes): [01][03][02][01][56][39][ea]
  => [342]
read(1001)
Tx (8 bytes): [01][03][10][01][00][01][d1][0a]
Rx (7 bytes): [01][03][02][06][0e][3a][20]
  => [1550]
read(1012)
Tx (8 bytes): [01][03][10][12][00][01][20][cf]
Rx (7 bytes): [01][03][02][03][e8][b8][fa]
  => [1000]
read(1013)
Tx (8 bytes): [01][03][10][13][00][01][71][0f]
Rx (7 bytes): [01][03][02][00][00][b8][44]
  => [0]
read(1000)
Tx (8 bytes): [01][03][10][00][00][01][80][ca]
Rx (7 bytes): [01][03][02][01][65][79][ff]
  => [357]
read(1000)
Tx (8 bytes): [01][03][10][00][00][01][80][ca]
Rx (7 bytes): [01][03][02][01][65][79][ff]
  => [357]
read(1001)
Tx (8 bytes): [01][03][10][01][00][01][d1][0a]
Rx (7 bytes): [01][03][02][06][0e][3a][20]
  => [1550]
read(1012)
Tx (8 bytes): [01][03][10][12][00][01][20][cf]
Rx (7 bytes): [01][03][02][03][e8][b8][fa]
  => [1000]
read(1013)
Tx (8 bytes): [01][03][10][13][00][01][71][0f]
Rx (7 bytes): [01][03][02][00][00][b8][44]
  => [0]
read(1000)
Tx (8 bytes): [01][03][10][00][00][01][80][ca]
Rx (7 bytes): [01][03][02][01][70][b8][30]
  => [368]
read(1000)
Tx (8 bytes): [01][03][10][00][00][01][80][ca]
Rx (7 bytes): [01][03][02][01][70][b8][30]
  => [368]
read(1001)
Tx (8 bytes): [01][03][10][01][00][01][d1][0a]
Rx (7 bytes): [01][03][02][06][0e][3a][20]
  => [1550]
read(1012)
Tx (8 bytes): [01][03][10][12][00][01][20][cf]
Rx (7 bytes): [01][03][02][03][e8][b8][fa]
  => [1000]
read(1013)
Tx (8 bytes): [01][03][10][13][00][01][71][0f]
Rx (7 bytes): [01][03][02][00][00][b8][44]
  => [0]
read(1000)
Tx (8 bytes): [01][03][10][00][00][01][80][ca]
Rx (7 bytes): [01][03][02][01][75][78][33]
  => [373]
read(1000)
Tx (8 bytes): [01][03][10][00][00][01][80][ca]
Rx (7 bytes): [01][03][02][01][75][78][33]
  => [373]
read(1001)
Tx (8 bytes): [01][03][10][01][00][01][d1][0a]
Rx (7 bytes): [01][03][02][06][0e][3a][20]
  => [1550]
read(1012)
Tx (8 bytes): [01][03][10][12][00][01][20][cf]
Rx (7 bytes): [01][03][02][03][e8][b8][fa]
  => [1000]
read(1013)
Tx (8 bytes): [01][03][10][13][00][01][71][0f]
Rx (7 bytes): [01][03][02][00][00][b8][44]
  => [0]
read(1000)
Tx (8 bytes): [01][03][10][00][00][01][80][ca]
Rx (7 bytes): [01][03][02][01][89][78][72]
  => [393]
read(1000)
Tx (8 bytes): [01][03][10][00][00][01][80][ca]
Rx (7 bytes): [01][03][02][01][89][78][72]
  => [393]
read(1001)
Tx (8 bytes): [01][03][10][01][00][01][d1][0a]
Rx (7 bytes): [01][03][02][06][0e][3a][20]
  => [1550]
read(1012)
Tx (8 bytes): [01][03][10][12][00][01][20][cf]
Rx (7 bytes): [01][03][02][03][e8][b8][fa]
  => [1000]
read(1013)
Tx (8 bytes): [01][03][10][13][00][01][71][0f]
Rx (7 bytes): [01][03][02][00][00][b8][44]
  => [0]
read(1000)
Tx (8 bytes): [01][03][10][00][00][01][80][ca]
Rx (7 bytes): [01][03][02][01][91][78][78]
  => [401]
read(1000)
Tx (8 bytes): [01][03][10][00][00][01][80][ca]
Rx (7 bytes): [01][03][02][01][91][78][78]
  => [401]
read(1001)
Tx (8 bytes): [01][03][10][01][00][01][d1][0a]
Rx (7 bytes): [01][03][02][06][0e][3a][20]
  => [1550]
read(1012)
Tx (8 bytes): [01][03][10][12][00][01][20][cf]
Rx (7 bytes): [01][03][02][03][e8][b8][fa]
  => [1000]
read(1013)
Tx (8 bytes): [01][03][10][13][00][01][71][0f]
Rx (7 bytes): [01][03][02][00][00][b8][44]
  => [0]
read(1000)
Tx (8 bytes): [01][03][10][00][00][01][80][ca]
Rx (7 bytes): [01][03][02][01][9e][38][7c]
  => [414]
read(1000)
Tx (8 bytes): [01][03][10][00][00][01][80][ca]
Rx (7 bytes): [01][03][02][01][a2][38][6d]
  => [418]
read(1001)
Tx (8 bytes): [01][03][10][01][00][01][d1][0a]
Rx (7 bytes): [01][03][02][06][0e][3a][20]
  => [1550]
read(1012)
Tx (8 bytes): [01][03][10][12][00][01][20][cf]
Rx (7 bytes): [01][03][02][03][e8][b8][fa]
  => [1000]
read(1013)
Tx (8 bytes): [01][03][10][13][00][01][71][0f]
Rx (7 bytes): [01][03][02][00][00][b8][44]
  => [0]
read(1000)
Tx (8 bytes): [01][03][10][00][00][01][80][ca]
Rx (7 bytes): [01][03][02][01][a7][f8][6e]
  => [423]
read(1000)
Tx (8 bytes): [01][03][10][00][00][01][80][ca]
Rx (7 bytes): [01][03][02][01][a7][f8][6e]
  => [423]
read(1001)
Tx (8 bytes): [01][03][10][01][00][01][d1][0a]
Rx (7 bytes): [01][03][02][06][0e][3a][20]
  => [1550]
read(1012)
Tx (8 bytes): [01][03][10][12][00][01][20][cf]
Rx (7 bytes): [01][03][02][03][e8][b8][fa]
  => [1000]
read(1013)
Tx (8 bytes): [01][03][10][13][00][01][71][0f]
Rx (7 bytes): [01][03][02][00][00][b8][44]
  => [0]
read(1000)
Tx (8 bytes): [01][03][10][00][00][01][80][ca]
Rx (7 bytes): [01][03][02][01][b5][78][63]
  => [437]
read(1000)
Tx (8 bytes): [01][03][10][00][00][01][80][ca]
Rx (7 bytes): [01][03][02][01][b5][78][63]
  => [437]
read(1001)
Tx (8 bytes): [01][03][10][01][00][01][d1][0a]
Rx (7 bytes): [01][03][02][06][0e][3a][20]
  => [1550]
read(1012)
Tx (8 bytes): [01][03][10][12][00][01][20][cf]
Rx (7 bytes): [01][03][02][03][e8][b8][fa]
  => [1000]
read(1013)
Tx (8 bytes): [01][03][10][13][00][01][71][0f]
Rx (7 bytes): [01][03][02][00][00][b8][44]
  => [0]
read(1000)
Tx (8 bytes): [01][03][10][00][00][01][80][ca]
Rx (7 bytes): [01][03][02][01][c7][f8][46]
  => [455]
read(1000)
Tx (8 bytes): [01][03][10][00][00][01][80][ca]
Rx (7 bytes): [01][03][02][01][c7][f8][46]
  => [455]
read(1001)
Tx (8 bytes): [01][03][10][01][00][01][d1][0a]
Rx (7 bytes): [01][03][02][06][0e][3a][20]
  => [1550]
read(1012)
Tx (8 bytes): [01][03][10][12][00][01][20][cf]
Rx (7 bytes): [01][03][02][03][e8][b8][fa]
  => [1000]
read(1013)
Tx (8 bytes): [01][03][10][13][00][01][71][0f]
Rx (7 bytes): [01][03][02][00][00][b8][44]
  => [0]
read(1000)
Tx (8 bytes): [01][03][10][00][00][01][80][ca]
Rx (7 bytes): [01][03][02][01][d5][78][4b]
  => [469]
read(1000)
Tx (8 bytes): [01][03][10][00][00][01][80][ca]
Rx (7 bytes): [01][03][02][01][d5][78][4b]
  => [469]
read(1001)
Tx (8 bytes): [01][03][10][01][00][01][d1][0a]
Rx (7 bytes): [01][03][02][06][0e][3a][20]
  => [1550]
read(1012)
Tx (8 bytes): [01][03][10][12][00][01][20][cf]
Rx (7 bytes): [01][03][02][03][e8][b8][fa]
  => [1000]
read(1013)
Tx (8 bytes): [01][03][10][13][00][01][71][0f]
Rx (7 bytes): [01][03][02][00][00][b8][44]
  => [0]
read(1000)
Tx (8 bytes): [01][03][10][00][00][01][80][ca]
Rx (7 bytes): [01][03][02][01][d7][f9][8a]
  => [471]
read(1000)
Tx (8 bytes): [01][03][10][00][00][01][80][ca]
Rx (7 bytes): [01][03][02][01][d7][f9][8a]
  => [471]
read(1001)
Tx (8 bytes): [01][03][10][01][00][01][d1][0a]
Rx (7 bytes): [01][03][02][06][0e][3a][20]
  => [1550]
read(1012)
Tx (8 bytes): [01][03][10][12][00][01][20][cf]
Rx (7 bytes): [01][03][02][03][e8][b8][fa]
  => [1000]
read(1013)
Tx (8 bytes): [01][03][10][13][00][01][71][0f]
Rx (7 bytes): [01][03][02][00][00][b8][44]
  => [0]
read(1000)
Tx (8 bytes): [01][03][10][00][00][01][80][ca]
Rx (7 bytes): [01][03][02][01][f3][f9][91]
  => [499]
read(1000)
Tx (8 bytes): [01][03][10][00][00][01][80][ca]
Rx (7 bytes): [01][03][02][01][f3][f9][91]
  => [499]
read(1001)
Tx (8 bytes): [01][03][10][01][00][01][d1][0a]
Rx (7 bytes): [01][03][02][06][0e][3a][20]
  => [1550]
read(1012)
Tx (8 bytes): [01][03][10][12][00][01][20][cf]
Rx (7 bytes): [01][03][02][03][e8][b8][fa]
  => [1000]
read(1013)
Tx (8 bytes): [01][03][10][13][00][01][71][0f]
Rx (7 bytes): [01][03][02][00][00][b8][44]
  => [0]
read(1000)
Tx (8 bytes): [01][03][10][00][00][01][80][ca]
Rx (7 bytes): [01][03][02][01][fe][38][54]
  => [510]
read(1000)
Tx (8 bytes): [01][03][10][00][00][01][80][ca]
Rx (7 bytes): [01][03][02][01][fe][38][54]
  => [510]
read(1001)
Tx (8 bytes): [01][03][10][01][00][01][d1][0a]
Rx (7 bytes): [01][03][02][06][0e][3a][20]
  => [1550]
read(1012)
Tx (8 bytes): [01][03][10][12][00][01][20][cf]
Rx (7 bytes): [01][03][02][03][e8][b8][fa]
  => [1000]
read(1013)
Tx (8 bytes): [01][03][10][13][00][01][71][0f]
Rx (7 bytes): [01][03][02][00][00][b8][44]
  => [0]
read(1000)
Tx (8 bytes): [01][03][10][00][00][01][80][ca]
Rx (7 bytes): [01][03][02][02][13][f8][e9]
  => [531]
read(1000)
Tx (8 bytes): [01][03][10][00][00][01][80][ca]
Rx (7 bytes): [01][03][02][02][13][f8][e9]
  => [531]
read(1001)
Tx (8 bytes): [01][03][10][01][00][01][d1][0a]
Rx (7 bytes): [01][03][02][06][0e][3a][20]
  => [1550]
read(1012)
Tx (8 bytes): [01][03][10][12][00][01][20][cf]
Rx (7 bytes): [01][03][02][03][e8][b8][fa]
  => [1000]
read(1013)
Tx (8 bytes): [01][03][10][13][00][01][71][0f]
Rx (7 bytes): [01][03][02][00][00][b8][44]
  => [0]
read(1000)
Tx (8 bytes): [01][03][10][00][00][01][80][ca]
Rx (7 bytes): [01][03][02][02][1f][f8][ec]
  => [543]
read(1000)
Tx (8 bytes): [01][03][10][00][00][01][80][ca]
Rx (7 bytes): [01][03][02][02][1f][f8][ec]
  => [543]
read(1001)
Tx (8 bytes): [01][03][10][01][00][01][d1][0a]
Rx (7 bytes): [01][03][02][06][0e][3a][20]
  => [1550]
read(1012)
Tx (8 bytes): [01][03][10][12][00][01][20][cf]
Rx (7 bytes): [01][03][02][03][e8][b8][fa]
  => [1000]
read(1013)
Tx (8 bytes): [01][03][10][13][00][01][71][0f]
Rx (7 bytes): [01][03][02][00][00][b8][44]
  => [0]
read(1000)
Tx (8 bytes): [01][03][10][00][00][01][80][ca]
Rx (7 bytes): [01][03][02][02][31][78][f0]
  => [561]
read(1000)
Tx (8 bytes): [01][03][10][00][00][01][80][ca]
Rx (7 bytes): [01][03][02][02][36][39][32]
  => [566]
read(1001)
Tx (8 bytes): [01][03][10][01][00][01][d1][0a]
Rx (7 bytes): [01][03][02][06][0e][3a][20]
  => [1550]
read(1012)
Tx (8 bytes): [01][03][10][12][00][01][20][cf]
Rx (7 bytes): [01][03][02][03][e8][b8][fa]
  => [1000]
read(1013)
Tx (8 bytes): [01][03][10][13][00][01][71][0f]
Rx (7 bytes): [01][03][02][00][00][b8][44]
  => [0]
read(1000)
Tx (8 bytes): [01][03][10][00][00][01][80][ca]
Rx (7 bytes): [01][03][02][02][41][79][14]
  => [577]
read(1000)
Tx (8 bytes): [01][03][10][00][00][01][80][ca]
Rx (7 bytes): [01][03][02][02][41][79][14]
  => [577]
read(1001)
Tx (8 bytes): [01][03][10][01][00][01][d1][0a]
Rx (7 bytes): [01][03][02][06][0e][3a][20]
  => [1550]
read(1012)
Tx (8 bytes): [01][03][10][12][00][01][20][cf]
Rx (7 bytes): [01][03][02][03][e8][b8][fa]
  => [1000]
read(1013)
Tx (8 bytes): [01][03][10][13][00][01][71][0f]
Rx (7 bytes): [01][03][02][00][00][b8][44]
  => [0]
read(1000)
Tx (8 bytes): [01][03][10][00][00][01][80][ca]
Rx (7 bytes): [01][03][02][02][52][38][d9]
  => [594]
read(1000)
Tx (8 bytes): [01][03][10][00][00][01][80][ca]
Rx (7 bytes): [01][03][02][02][52][38][d9]
  => [594]
read(1001)
Tx (8 bytes): [01][03][10][01][00][01][d1][0a]
Rx (7 bytes): [01][03][02][06][0e][3a][20]
  => [1550]
read(1012)
Tx (8 bytes): [01][03][10][12][00][01][20][cf]
Rx (7 bytes): [01][03][02][03][e8][b8][fa]
  => [1000]
read(1013)
Tx (8 bytes): [01][03][10][13][00][01][71][0f]
Rx (7 bytes): [01][03][02][00][00][b8][44]
  => [0]
read(1000)
Tx (8 bytes): [01][03][10][00][00][01][80][ca]
Rx (7 bytes): [01][03][02][02][63][f9][0d]
  => [611]
read(1000)
Tx (8 bytes): [01][03][10][00][00][01][80][ca]
Rx (7 bytes): [01][03][02][02][63][f9][0d]
  => [611]
read(1001)
Tx (8 bytes): [01][03][10][01][00][01][d1][0a]
Rx (7 bytes): [01][03][02][06][0e][3a][20]
  => [1550]
read(1012)
Tx (8 bytes): [01][03][10][12][00][01][20][cf]
Rx (7 bytes): [01][03][02][03][e8][b8][fa]
  => [1000]
read(1013)
Tx (8 bytes): [01][03][10][13][00][01][71][0f]
Rx (7 bytes): [01][03][02][00][00][b8][44]
  => [0]
read(1000)
Tx (8 bytes): [01][03][10][00][00][01][80][ca]
Rx (7 bytes): [01][03][02][02][75][78][c3]
  => [629]
read(1000)
Tx (8 bytes): [01][03][10][00][00][01][80][ca]
Rx (7 bytes): [01][03][02][02][75][78][c3]
  => [629]
read(1001)
Tx (8 bytes): [01][03][10][01][00][01][d1][0a]
Rx (7 bytes): [01][03][02][06][0e][3a][20]
  => [1550]
read(1012)
Tx (8 bytes): [01][03][10][12][00][01][20][cf]
Rx (7 bytes): [01][03][02][03][e8][b8][fa]
  => [1000]
read(1013)
Tx (8 bytes): [01][03][10][13][00][01][71][0f]
Rx (7 bytes): [01][03][02][00][00][b8][44]
  => [0]
read(1000)
Tx (8 bytes): [01][03][10][00][00][01][80][ca]
Rx (7 bytes): [01][03][02][02][87][f9][46]
  => [647]
read(1000)
Tx (8 bytes): [01][03][10][00][00][01][80][ca]
Rx (7 bytes): [01][03][02][02][87][f9][46]
  => [647]
read(1001)
Tx (8 bytes): [01][03][10][01][00][01][d1][0a]
Rx (7 bytes): [01][03][02][06][0e][3a][20]
  => [1550]
read(1012)
Tx (8 bytes): [01][03][10][12][00][01][20][cf]
Rx (7 bytes): [01][03][02][03][e8][b8][fa]
  => [1000]
read(1013)
Tx (8 bytes): [01][03][10][13][00][01][71][0f]
Rx (7 bytes): [01][03][02][00][00][b8][44]
  => [0]
read(1000)
Tx (8 bytes): [01][03][10][00][00][01][80][ca]
Rx (7 bytes): [01][03][02][02][99][79][4e]
  => [665]
read(1000)
Tx (8 bytes): [01][03][10][00][00][01][80][ca]
Rx (7 bytes): [01][03][02][02][99][79][4e]
  => [665]
read(1001)
Tx (8 bytes): [01][03][10][01][00][01][d1][0a]
Rx (7 bytes): [01][03][02][06][0e][3a][20]
  => [1550]
read(1012)
Tx (8 bytes): [01][03][10][12][00][01][20][cf]
Rx (7 bytes): [01][03][02][03][e8][b8][fa]
  => [1000]
read(1013)
Tx (8 bytes): [01][03][10][13][00][01][71][0f]
Rx (7 bytes): [01][03][02][00][00][b8][44]
  => [0]
read(1000)
Tx (8 bytes): [01][03][10][00][00][01][80][ca]
Rx (7 bytes): [01][03][02][02][ad][78][99]
  => [685]
read(1000)
Tx (8 bytes): [01][03][10][00][00][01][80][ca]
Rx (7 bytes): [01][03][02][02][ad][78][99]
  => [685]
read(1001)
Tx (8 bytes): [01][03][10][01][00][01][d1][0a]
Rx (7 bytes): [01][03][02][06][0e][3a][20]
  => [1550]
read(1012)
Tx (8 bytes): [01][03][10][12][00][01][20][cf]
Rx (7 bytes): [01][03][02][03][e8][b8][fa]
  => [1000]
read(1013)
Tx (8 bytes): [01][03][10][13][00][01][71][0f]
Rx (7 bytes): [01][03][02][00][00][b8][44]
  => [0]
read(1000)
Tx (8 bytes): [01][03][10][00][00][01][80][ca]
Rx (7 bytes): [01][03][02][02][c1][78][b4]
  => [705]
read(1000)
Tx (8 bytes): [01][03][10][00][00][01][80][ca]
Rx (7 bytes): [01][03][02][02][c1][78][b4]
  => [705]
read(1001)
Tx (8 bytes): [01][03][10][01][00][01][d1][0a]
Rx (7 bytes): [01][03][02][06][0e][3a][20]
  => [1550]
read(1012)
Tx (8 bytes): [01][03][10][12][00][01][20][cf]
Rx (7 bytes): [01][03][02][03][e8][b8][fa]
  => [1000]
read(1013)
Tx (8 bytes): [01][03][10][13][00][01][71][0f]
Rx (7 bytes): [01][03][02][00][00][b8][44]
  => [0]
read(1000)
Tx (8 bytes): [01][03][10][00][00][01][80][ca]
Rx (7 bytes): [01][03][02][02][d4][b9][7b]
  => [724]
read(1000)
Tx (8 bytes): [01][03][10][00][00][01][80][ca]
Rx (7 bytes): [01][03][02][02][d4][b9][7b]
  => [724]
read(1001)
Tx (8 bytes): [01][03][10][01][00][01][d1][0a]
Rx (7 bytes): [01][03][02][06][0e][3a][20]
  => [1550]
read(1012)
Tx (8 bytes): [01][03][10][12][00][01][20][cf]
Rx (7 bytes): [01][03][02][03][e8][b8][fa]
  => [1000]
read(1013)
Tx (8 bytes): [01][03][10][13][00][01][71][0f]
Rx (7 bytes): [01][03][02][00][00][b8][44]
  => [0]
read(1000)
Tx (8 bytes): [01][03][10][00][00][01][80][ca]
Rx (7 bytes): [01][03][02][02][e1][79][6c]
  => [737]
read(1000)
Tx (8 bytes): [01][03][10][00][00][01][80][ca]
Rx (7 bytes): [01][03][02][02][e8][b9][6a]
  => [744]
read(1001)
Tx (8 bytes): [01][03][10][01][00][01][d1][0a]
Rx (7 bytes): [01][03][02][06][0e][3a][20]
  => [1550]
read(1012)
Tx (8 bytes): [01][03][10][12][00][01][20][cf]
Rx (7 bytes): [01][03][02][03][e8][b8][fa]
  => [1000]
read(1013)
Tx (8 bytes): [01][03][10][13][00][01][71][0f]
Rx (7 bytes): [01][03][02][00][00][b8][44]
  => [0]
read(1000)
Tx (8 bytes): [01][03][10][00][00][01][80][ca]
Rx (7 bytes): [01][03][02][02][f5][79][63]
  => [757]
read(1000)
Tx (8 bytes): [01][03][10][00][00][01][80][ca]
Rx (7 bytes): [01][03][02][02][f5][79][63]
  => [757]
read(1001)
Tx (8 bytes): [01][03][10][01][00][01][d1][0a]
Rx (7 bytes): [01][03][02][06][0e][3a][20]
  => [1550]
read(1012)
Tx (8 bytes): [01][03][10][12][00][01][20][cf]
Rx (7 bytes): [01][03][02][03][e8][b8][fa]
  => [1000]
read(1013)
Tx (8 bytes): [01][03][10][13][00][01][71][0f]
Rx (7 bytes): [01][03][02][00][00][b8][44]
  => [0]
read(1000)
Tx (8 bytes): [01][03][10][00][00][01][80][ca]
Rx (7 bytes): [01][03][02][03][08][b9][72]
  => [776]
read(1000)
Tx (8 bytes): [01][03][10][00][00][01][80][ca]
Rx (7 bytes): [01][03][02][03][08][b9][72]
  => [776]
read(1001)
Tx (8 bytes): [01][03][10][01][00][01][d1][0a]
Rx (7 bytes): [01][03][02][06][0e][3a][20]
  => [1550]
read(1012)
Tx (8 bytes): [01][03][10][12][00][01][20][cf]
Rx (7 bytes): [01][03][02][03][e8][b8][fa]
  => [1000]
read(1013)
Tx (8 bytes): [01][03][10][13][00][01][71][0f]
Rx (7 bytes): [01][03][02][00][00][b8][44]
  => [0]
write(1001,250)
Tx (8 bytes): [01][06][10][01][00][fa][5c][89]
Rx (8 bytes): [01][06][10][01][00][fa][5c][89]
